Log file open, 10/21/16 15:56:45
LogInit:Display: Running engine for game: ZombiePunks
LogPlatformFile: Not using cached read wrapper
LogInit:Display: RandInit(-280774085) SRandInit(-280774083).
LogTaskGraph: Started task graph with 4 named threads and 7 total threads with 1 sets of task threads.
LogStats: Stats thread started at 0.085654
LogInit: Version: 4.12.5-3039270+++UE4+Release-4.12
LogInit: API Version: 2992821
LogInit: Net Version: 3039270
LogDevObjectVersion: Number of dev versions registered: 13
LogDevObjectVersion:   Dev-Blueprints (B0D832E4-1F89-4F0D-ACCF-7EB736FD4AA2): 3
LogDevObjectVersion:   Dev-Build (E1C64328-A22C-4D53-A36C-8E866417BD8C): 0
LogDevObjectVersion:   Dev-Core (375EC13C-06E4-48FB-B500-84F0262A717E): 1
LogDevObjectVersion:   Dev-Editor (E4B068ED-F494-42E9-A231-DA0B2E46BB41): 2
LogDevObjectVersion:   Dev-Framework (CFFC743F-43B0-4480-9391-14DF171D2073): 6
LogDevObjectVersion:   Dev-Mobile (B02B49B5-BB20-44E9-A304-32B752E40360): 0
LogDevObjectVersion:   Dev-Networking (A4E4105C-59A1-49B5-A7C5-40C4547EDFEE): 0
LogDevObjectVersion:   Dev-Online (39C831C9-5AE6-47DC-9A44-9C173E1C8E7C): 0
LogDevObjectVersion:   Dev-Physics (78F01B33-EBEA-4F98-B9B4-84EACCB95AA2): 0
LogDevObjectVersion:   Dev-Platform (6631380F-2D4D-43E0-8009-CF276956A95A): 0
LogDevObjectVersion:   Dev-Rendering (12F88B9F-8875-4AFC-A67C-D90C383ABD29): 2
LogDevObjectVersion:   Dev-Sequencer (7B5AE74C-D270-4C10-A958-57980B212A5A): 0
LogDevObjectVersion:   Dev-VR (D7296918-1DD6-4BDD-9DE2-64A83CC13884): 0
LogInit: Compiled (64-bit): Jul  6 2016 09:09:46
LogInit: Compiled with Visual C++: 19.00.23026.00
LogInit: Build Configuration: Development
LogInit: Branch Name: ++UE4+Release-4.12
LogInit: Command line:  
LogInit: Base directory: C:/Program Files/Epic Games/4.12/Engine/Binaries/Win64/
LogInit: Installed Engine Build: 1
LogInit: Using libcurl 7.41.0
LogInit:  - built for x86_64-pc-win32
LogInit:  - supports SSL with WinSSL
LogInit:  - other features:
LogInit:      CURL_VERSION_SSL
LogInit:      CURL_VERSION_IPV6
LogInit:      CURL_VERSION_ASYNCHDNS
LogInit:      CURL_VERSION_LARGEFILE
LogInit:      CURL_VERSION_IDN
LogInit:  CurlRequestOptions (configurable via config and command line):
LogInit:  - bVerifyPeer = true  - Libcurl will verify peer certificate
LogInit:  - bUseHttpProxy = false  - Libcurl will NOT use HTTP proxy
LogInit:  - bDontReuseConnections = false  - Libcurl will reuse connections
LogInit:  - CertBundlePath = nullptr  - Libcurl will use whatever was configured at build time.
LogInit: Presizing for max 8388607 objects, including 0 objects not considered by GC, pre-allocating 0 bytes for permanent pool.
LogInit: Object subsystem initialized
[2016.10.21-22.56.45:621][  0]LogInit: Selected Device Profile: [Windows]
[2016.10.21-22.56.45:621][  0]LogInit: Applying CVar settings loaded from the selected device profile: [Windows]
[2016.10.21-22.56.45:631][  0]LogInit: Computer: AI241LAB0202P20
[2016.10.21-22.56.45:631][  0]LogInit: User: student
[2016.10.21-22.56.45:631][  0]LogInit: CPU Page size=65536, Cores=4
[2016.10.21-22.56.45:631][  0]LogInit: High frequency timer resolution =2.604218 MHz
[2016.10.21-22.56.45:632][  0]LogMemory: Memory total: Physical=12.0GB (12GB approx)
[2016.10.21-22.56.45:632][  0]LogMemory: Platform Memory Stats for Windows
[2016.10.21-22.56.45:632][  0]LogMemory: Process Physical Memory: 189.21 MB used, 189.21 MB peak
[2016.10.21-22.56.45:632][  0]LogMemory: Process Virtual Memory: 195.78 MB used, 195.78 MB peak
[2016.10.21-22.56.45:632][  0]LogMemory: Physical Memory: 7786.52 MB used, 12271.22 MB total
[2016.10.21-22.56.45:632][  0]LogMemory: Virtual Memory: 520.99 MB used, 8388608.00 MB total
[2016.10.21-22.56.45:673][  0]LogTextLocalizationManager: No specific translations for ('en-US') exist, so ('en') translations will be used.
[2016.10.21-22.56.46:329][  0]LogD3D11RHI: D3D11 adapters:
[2016.10.21-22.56.46:373][  0]LogD3D11RHI:    0. 'NVIDIA GeForce GTX 960' (Feature Level 11_0)
[2016.10.21-22.56.46:373][  0]LogD3D11RHI:       4010/0/5879 MB DedicatedVideo/DedicatedSystem/SharedSystem, Outputs:1, VendorId:0x10de
[2016.10.21-22.56.46:373][  0]LogD3D11RHI: Chosen D3D11 Adapter: 0
[2016.10.21-22.56.46:380][  0]LogD3D11RHI: Creating new Direct3DDevice
[2016.10.21-22.56.46:381][  0]LogD3D11RHI:     GPU DeviceId: 0x1401 (for the marketing name, search the web for "GPU Device Id")
[2016.10.21-22.56.46:381][  0]LogWindows: EnumDisplayDevices:
[2016.10.21-22.56.46:381][  0]LogWindows:    0. 'NVIDIA GeForce GTX 960' (P:1 D:1)
[2016.10.21-22.56.46:381][  0]LogWindows:    1. 'NVIDIA GeForce GTX 960' (P:0 D:0)
[2016.10.21-22.56.46:382][  0]LogWindows:    2. 'NVIDIA GeForce GTX 960' (P:0 D:0)
[2016.10.21-22.56.46:382][  0]LogWindows:    3. 'NVIDIA GeForce GTX 960' (P:0 D:0)
[2016.10.21-22.56.46:382][  0]LogWindows:    4. 'RDPDD Chained DD' (P:0 D:0)
[2016.10.21-22.56.46:382][  0]LogWindows:    5. 'RDP Encoder Mirror Driver' (P:0 D:0)
[2016.10.21-22.56.46:382][  0]LogWindows:    6. 'RDP Reflector Display Driver' (P:0 D:0)
[2016.10.21-22.56.46:383][  0]LogWindows: DebugString: GetVideoDriverDetailsInvalid PrimaryIsNotTheChoosenAdapter GetVideoDriverDetailsInvalid PrimaryIsNotTheChoosenAdapter GetVideoDriverDetailsInvalid PrimaryIsNotTheChoosenAdapter FoundDriverCount:4 
[2016.10.21-22.56.46:383][  0]LogD3D11RHI:     Adapter Name: NVIDIA GeForce GTX 960
[2016.10.21-22.56.46:383][  0]LogD3D11RHI:   Driver Version: 368.39 (internal:10.18.13.6839, unified:368.39)
[2016.10.21-22.56.46:383][  0]LogD3D11RHI:      Driver Date: 6-2-2016
[2016.10.21-22.56.46:383][  0]LogRHI: Texture pool is 1361 MB (70% of 1945 MB)
[2016.10.21-22.56.46:396][  0]LogD3D11RHI: Async texture creation enabled
[2016.10.21-22.56.46:409][  0]LogD3D11RHI: GPU Timing Frequency: 1000.000000 (Debug: 2 1)
[2016.10.21-22.56.46:410][  0]LogShaderCompilers: Guid format shader working directory is 2 characters bigger than the processId version (G:/smithKylie_PROJECTS/ZombiePunks/ZombiePunks/Intermediate/Shaders/WorkingDirectory/8436/).
[2016.10.21-22.56.46:410][  0]LogShaderCompilers: Cleaned the shader compiler working directory 'C:/Users/student/AppData/Local/Temp/UnrealShaderWorkingDir/5010BA2B43D0E00282A82F97CCE94DB7/'.
[2016.10.21-22.56.46:410][  0]LogShaderCompilers:Display: Using Local Shader Compiler.
[2016.10.21-22.56.47:686][  0]LogTemp:Display: Loaded TP AllDesktopTargetPlatform
[2016.10.21-22.56.47:698][  0]LogTemp:Display: Loaded TP WindowsClientTargetPlatform
[2016.10.21-22.56.47:711][  0]LogTemp:Display: Loaded TP WindowsNoEditorTargetPlatform
[2016.10.21-22.56.47:724][  0]LogTemp:Display: Loaded TP WindowsServerTargetPlatform
[2016.10.21-22.56.47:737][  0]LogTemp:Display: Loaded TP WindowsTargetPlatform
[2016.10.21-22.56.47:747][  0]LogTemp:Display: Loaded TP AndroidTargetPlatform
[2016.10.21-22.56.47:758][  0]LogTemp:Display: Loaded TP Android_ASTCTargetPlatform
[2016.10.21-22.56.47:769][  0]LogTemp:Display: Loaded TP Android_ATCTargetPlatform
[2016.10.21-22.56.47:781][  0]LogTemp:Display: Loaded TP Android_DXTTargetPlatform
[2016.10.21-22.56.47:792][  0]LogTemp:Display: Loaded TP Android_ETC1TargetPlatform
[2016.10.21-22.56.47:802][  0]LogTemp:Display: Loaded TP Android_ETC2TargetPlatform
[2016.10.21-22.56.47:824][  0]LogTemp:Display: Loaded TP Android_MultiTargetPlatform
[2016.10.21-22.56.47:824][  0]LogTemp:Display: Loaded TP Android_PVRTCTargetPlatform
[2016.10.21-22.56.47:825][  0]LogTemp:Display: Loaded TP HTML5TargetPlatform
[2016.10.21-22.56.47:849][  0]LogTemp:Display: Loaded TP IOSTargetPlatform
[2016.10.21-22.56.47:859][  0]LogTemp:Display: Loaded TP TVOSTargetPlatform
[2016.10.21-22.56.47:870][  0]LogTemp:Display: Loaded TP LinuxNoEditorTargetPlatform
[2016.10.21-22.56.47:881][  0]LogTemp:Display: Loaded TP LinuxServerTargetPlatform
[2016.10.21-22.56.47:892][  0]LogTemp:Display: Loaded TP LinuxTargetPlatform
[2016.10.21-22.56.47:892][  0]LogTargetPlatformManager:Display: Building Assets For Windows
[2016.10.21-22.56.47:970][  0]LogDerivedDataCache:Display: Max Cache Size: 512 MB
[2016.10.21-22.56.48:048][  0]LogDerivedDataCache: Loaded boot cache 0.08s 48MB C:/Users/student/AppData/Local/UnrealEngine/4.12/DerivedDataCache/Boot.ddc.
[2016.10.21-22.56.48:048][  0]LogDerivedDataCache:Display: Loaded Boot cache: C:/Users/student/AppData/Local/UnrealEngine/4.12/DerivedDataCache/Boot.ddc
[2016.10.21-22.56.48:048][  0]LogDerivedDataCache: FDerivedDataBackendGraph:  Pak pak cache file G:/smithKylie_PROJECTS/ZombiePunks/ZombiePunks/DerivedDataCache/DDC.ddp not found, will not use a pak cache.
[2016.10.21-22.56.48:048][  0]LogDerivedDataCache: Unable to find inner node Pak for hierarchical cache Hierarchy.
[2016.10.21-22.56.48:048][  0]LogDerivedDataCache: FDerivedDataBackendGraph:  CompressedPak pak cache file G:/smithKylie_PROJECTS/ZombiePunks/ZombiePunks/DerivedDataCache/Compressed.ddp not found, will not use a pak cache.
[2016.10.21-22.56.48:048][  0]LogDerivedDataCache: Unable to find inner node CompressedPak for hierarchical cache Hierarchy.
[2016.10.21-22.56.48:074][  0]LogDerivedDataCache:Display: Pak cache opened for reading ../../../Engine/DerivedDataCache/Compressed.ddp.
[2016.10.21-22.56.48:085][  0]LogDerivedDataCache: Using Local data cache path C:/Users/student/AppData/Local/UnrealEngine/Common/DerivedDataCache: Writable
[2016.10.21-22.56.48:337][  0]LogInit: Selected Device Profile: [Windows]
[2016.10.21-22.56.48:338][  0]LogContentStreaming: Texture pool size is 0.00 MB
[2016.10.21-22.56.48:552][  0]LogMeshUtilities: No automatic mesh reduction module available
[2016.10.21-22.56.48:552][  0]LogMeshUtilities: No automatic mesh merging module available
[2016.10.21-22.56.48:552][  0]LogMeshUtilities: No distributed automatic mesh merging module available
[2016.10.21-22.56.48:890][  0]LogAssetRegistry: FAssetRegistry took 0.0198 seconds to start up
[2016.10.21-22.56.48:915][  0]LogPackageLocalizationCache: Processed 3 localized package path(s) for 2 prioritized culture(s) in 0.022444 seconds
[2016.10.21-22.56.48:924][  0]LogUObjectArray: 28739 objects as part of root set at end of initial load.
[2016.10.21-22.56.48:924][  0]LogUObjectAllocator: 5855632 out of 0 bytes used by permanent object pool.
[2016.10.21-22.56.48:924][  0]LogUObjectArray: CloseDisregardForGC: 0/0 objects in disregard for GC pool
[2016.10.21-22.56.48:931][  0]LogInit: WinSock: version 1.1 (2.2), MaxSocks=32767, MaxUdp=65467
[2016.10.21-22.56.49:145][  0]LogSlate: SlateFontCache - WITH_FREETYPE: 1, WITH_HARFBUZZ: 1
[2016.10.21-22.56.49:145][  0]LogSlate: SlateFontCache - WITH_FREETYPE: 1, WITH_HARFBUZZ: 1
[2016.10.21-22.56.49:960][  0]LogUdpMessaging: Initializing bridge on interface 0.0.0.0:0 to multicast group 230.0.0.1:6666.
[2016.10.21-22.56.50:198][  0]SourceControl: Info Source control is disabled
[2016.10.21-22.56.50:199][  0]SourceControl: Info Source control is disabled
[2016.10.21-22.56.50:206][  0]SourceControl: Info Source control is disabled
[2016.10.21-22.56.50:213][  0]SourceControl: Info Source control is disabled
[2016.10.21-22.56.50:428][  0]LogEngine: Initializing Engine...
[2016.10.21-22.56.50:429][  0]LogHMD: SteamVR failed to initialize.  Err: 110
[2016.10.21-22.56.50:429][  0]LogHMD: SteamVR failed to initialize.  Err: 110
[2016.10.21-22.56.50:629][  0]LogAIModule: Creating AISystem for world NewWorld
[2016.10.21-22.56.50:634][  0]LogInit: XAudio2 using 'Speakers (Realtek High Definition Audio)' : 2 channels at 48 kHz using 32 bits per sample (channel mask 0x3)
[2016.10.21-22.56.50:658][  0]LogInit: FAudioDevice initialized.
[2016.10.21-22.56.50:697][  0]LogDerivedDataCache: Saved boot cache 0.04s 48MB C:/Users/student/AppData/Local/UnrealEngine/4.12/DerivedDataCache/Boot.ddc.
[2016.10.21-22.56.50:714][  0]LogInit: Texture streaming: Enabled
[2016.10.21-22.56.50:734][  0]LogInit: Transaction tracking system initialized
[2016.10.21-22.56.50:757][  0]BlueprintLog: New page: Editor Load
[2016.10.21-22.56.50:829][  0]LocalizationService: Info Localization service is disabled
[2016.10.21-22.56.50:889][  0]LogConsoleResponse:Display: 
[2016.10.21-22.56.51:021][  0]LogCook:Display: Max memory allowance for cook 8192mb
[2016.10.21-22.56.51:021][  0]LogCook:Display: Mobile HDR setting 1
[2016.10.21-22.56.51:038][  0]LogFileCache: Scanning file cache for directory 'G:/smithKylie_PROJECTS/ZombiePunks/ZombiePunks/Content/' took 0.01s
[2016.10.21-22.56.51:116][  0]SourceControl: Info Source control is disabled
[2016.10.21-22.56.51:116][  0]Cmd: MAP LOAD FILE="../../../Engine/Content/Maps/Templates/Template_Default.umap" TEMPLATE=1 SHOWPROGRESS=1 FEATURELEVEL=3
[2016.10.21-22.56.51:117][  0]LightingResults: New page: Lighting Build
[2016.10.21-22.56.51:119][  0]MapCheck: New page: Map Check
[2016.10.21-22.56.51:119][  0]LightingResults: New page: Lighting Build
[2016.10.21-22.56.51:491][  0]LogAIModule: Creating AISystem for world Untitled_1
[2016.10.21-22.56.51:497][  0]LogEditorServer: Finished looking for orphan Actors (0.000 secs)
[2016.10.21-22.56.51:503][  0]Cmd: MAP CHECKDEP NOCLEARLOG
[2016.10.21-22.56.51:548][  0]MapCheck: Info Map check complete: 0 Error(s), 0 Warning(s), took 44.967ms to complete.
[2016.10.21-22.56.51:548][  0]LogFileHelpers: Loading map 'Template_Default' took 0.432
[2016.10.21-22.56.51:679][  0]LogCollectionManager: Loaded 0 collections in 0.001935 seconds
[2016.10.21-22.56.51:717][  0]LogFileCache: Scanning file cache for directory 'G:/smithKylie_PROJECTS/ZombiePunks/ZombiePunks/Saved/Collections/' took 0.01s
[2016.10.21-22.56.51:717][  0]LogFileCache: Scanning file cache for directory 'G:/smithKylie_PROJECTS/ZombiePunks/ZombiePunks/Content/Developers/student/Collections/' took 0.01s
[2016.10.21-22.56.51:717][  0]LogFileCache: Scanning file cache for directory 'G:/smithKylie_PROJECTS/ZombiePunks/ZombiePunks/Content/Collections/' took 0.01s
[2016.10.21-22.56.51:717][  0]LogCollectionManager: Rebuilt the GUID cache for 0 collections in 0.000003 seconds
[2016.10.21-22.56.51:729][  0]LogContentBrowser: Native class hierarchy populated in 0.0118 seconds. Added 2047 classes and 369 folders.
[2016.10.21-22.56.51:733][  0]LogStats: UGameplayTagsManager::ConstructGameplayTagTree: Construct from data asset -  0.000 s
[2016.10.21-22.56.51:733][  0]LogStats: UGameplayTagsManager::ConstructGameplayTagTree: GameplayTagTreeChangedEvent.Broadcast -  0.000 s
[2016.10.21-22.56.51:733][  0]LogContentBrowser: Native class hierarchy updated for 'GameplayTags' in 0.0005 seconds. Added 12 classes and 0 folders.
[2016.10.21-22.56.51:738][  0]LogContentBrowser: Native class hierarchy updated for 'WidgetCarousel' in 0.0004 seconds. Added 0 classes and 0 folders.
[2016.10.21-22.56.51:777][  0]LogContentBrowser: Native class hierarchy updated for 'AddContentDialog' in 0.0005 seconds. Added 0 classes and 0 folders.
[2016.10.21-22.56.51:781][  0]LogContentBrowser: Native class hierarchy updated for 'SceneOutliner' in 0.0006 seconds. Added 1 classes and 2 folders.
[2016.10.21-22.56.51:842][  0]LogCrashTracker: Crashtracker disabled due to settings.
[2016.10.21-22.56.51:847][  0]LogUObjectGlobals:Warning: Failed to find object 'Class None.'
[2016.10.21-22.56.51:872][  0]LogContentBrowser: Native class hierarchy updated for 'HierarchicalLODOutliner' in 0.0005 seconds. Added 1 classes and 2 folders.
[2016.10.21-22.56.51:872][  0]LogLoad: Full Startup: 6.98 seconds (BP compile: 0.05 seconds)
[2016.10.21-22.56.51:872][  0]LogExternalProfiler: Found external profiler: VSPerf
[2016.10.21-22.56.51:872][  0]LogExternalProfiler: Using external profiler: VSPerf
[2016.10.21-22.56.52:211][  0]LogOcInput: OculusInput pre-init called
[2016.10.21-22.56.52:232][  0]LogContentStreaming: Texture pool size now 1000 MB
[2016.10.21-22.56.52:444][  0]LogRenderer: Reallocating scene render targets to support 1224x576 (Frame:2).
[2016.10.21-22.56.52:887][  2]LogAssetRegistry: Asset discovery search completed in 4.0170 seconds
[2016.10.21-22.56.52:887][  2]LogCollectionManager: Rebuilt the object cache for 0 collections in 0.000001 seconds (found 0 objects)
[2016.10.21-22.56.52:887][  2]LogCollectionManager: Fixed up redirectors for 0 collections in 0.000028 seconds (updated 0 objects)
[2016.10.21-22.56.58:007][180]LogAIModule: Creating AISystem for world CompanyScreenLevel
[2016.10.21-22.56.58:036][180]Cmd: MAP LOAD FILE="G:/smithKylie_PROJECTS/ZombiePunks/ZombiePunks/Content/OpeningSequence/CompanyScreenLevel.umap" TEMPLATE=0 SHOWPROGRESS=1 FEATURELEVEL=3
[2016.10.21-22.56.58:036][180]LightingResults: New page: Lighting Build
[2016.10.21-22.56.58:037][180]LoadErrors: New page: Loading map: CompanyScreenLevel.umap
[2016.10.21-22.56.58:037][180]MapCheck: New page: Map Check
[2016.10.21-22.56.58:037][180]LightingResults: New page: Lighting Build
[2016.10.21-22.56.58:102][180]LogEditorServer: Finished looking for orphan Actors (0.000 secs)
[2016.10.21-22.56.58:113][180]Cmd: MAP CHECKDEP NOCLEARLOG
[2016.10.21-22.56.58:159][180]MapCheck: Info Map check complete: 0 Error(s), 0 Warning(s), took 46.078ms to complete.
[2016.10.21-22.56.58:160][180]LogFileHelpers: Loading map 'CompanyScreenLevel' took 0.125
[2016.10.21-22.56.58:915][213]LogBlueprintUserMessages: Early PlayInEditor Detection: Level '/Game/OpeningSequence/CompanyScreenLevel.CompanyScreenLevel:PersistentLevel' has LevelScriptBlueprint '/Game/OpeningSequence/CompanyScreenLevel.CompanyScreenLevel:PersistentLevel.CompanyScreenLevel' with GeneratedClass '/Game/OpeningSequence/CompanyScreenLevel.CompanyScreenLevel_C' with ClassGeneratedBy '/Game/OpeningSequence/CompanyScreenLevel.CompanyScreenLevel:PersistentLevel.CompanyScreenLevel'
[2016.10.21-22.56.58:915][213]LogPlayLevel: PlayLevel: No blueprints needed recompiling
[2016.10.21-22.56.58:915][213]PIE: New page: PIE session: CompanyScreenLevel (Oct 21, 2016, 7:56:58 AM)
[2016.10.21-22.56.58:916][213]LogPlayLevel: Creating play world package: /Game/OpeningSequence/UEDPIE_0_CompanyScreenLevel
[2016.10.21-22.56.58:918][213]LogPlayLevel: PIE: StaticDuplicateObject took: (0.001907s)
[2016.10.21-22.56.58:919][213]LogAIModule: Creating AISystem for world CompanyScreenLevel
[2016.10.21-22.56.58:919][213]LogPlayLevel: PIE: World Init took: (0.001187s)
[2016.10.21-22.56.58:919][213]LogPlayLevel: PIE: Created PIE world by copying editor world from /Game/OpeningSequence/CompanyScreenLevel.CompanyScreenLevel to /Game/OpeningSequence/UEDPIE_0_CompanyScreenLevel.CompanyScreenLevel (0.003341s)
[2016.10.21-22.56.58:932][213]LogInit: XAudio2 using 'Speakers (Realtek High Definition Audio)' : 2 channels at 48 kHz using 32 bits per sample (channel mask 0x3)
[2016.10.21-22.56.58:939][213]LogInit: FAudioDevice initialized.
[2016.10.21-22.56.59:011][213]LogWorld: Game class is 'ZombiePunks-GameMode_C'
[2016.10.21-22.56.59:013][213]LogWorld: Bringing World /Game/OpeningSequence/UEDPIE_0_CompanyScreenLevel.CompanyScreenLevel up for play (max tick rate 0) at 2016.10.21-15.56.59
[2016.10.21-22.56.59:014][213]LogWorld: Bringing up level for play took: 0.001138
[2016.10.21-22.56.59:018][213]LogContentBrowser: Native class hierarchy updated for 'MovieSceneCapture' in 0.0005 seconds. Added 11 classes and 0 folders.
[2016.10.21-22.56.59:020][213]PIE: Info Play in editor start time for /Game/OpeningSequence/UEDPIE_0_CompanyScreenLevel 0.203
[2016.10.21-22.56.59:020][213]LogBlueprintUserMessages: Late PlayInEditor Detection: Level '/Game/OpeningSequence/CompanyScreenLevel.CompanyScreenLevel:PersistentLevel' has LevelScriptBlueprint '/Game/OpeningSequence/CompanyScreenLevel.CompanyScreenLevel:PersistentLevel.CompanyScreenLevel' with GeneratedClass '/Game/OpeningSequence/CompanyScreenLevel.CompanyScreenLevel_C' with ClassGeneratedBy '/Game/OpeningSequence/CompanyScreenLevel.CompanyScreenLevel:PersistentLevel.CompanyScreenLevel'
[2016.10.21-22.57.05:903][648]LogNet: Browse: /Game/OpeningSequence/TitleScreenLevel
[2016.10.21-22.57.05:903][648]LogLoad: LoadMap: /Game/OpeningSequence/TitleScreenLevel
[2016.10.21-22.57.05:917][648]Cmd: MEM
[2016.10.21-22.57.05:930][648]LogMemory: Platform Memory Stats for Windows
[2016.10.21-22.57.05:930][648]LogMemory: Process Physical Memory: 778.24 MB used, 822.54 MB peak
[2016.10.21-22.57.05:930][648]LogMemory: Process Virtual Memory: 1218.93 MB used, 1234.80 MB peak
[2016.10.21-22.57.05:930][648]LogMemory: Physical Memory: 7123.33 MB used, 12271.22 MB total
[2016.10.21-22.57.05:930][648]LogMemory: Virtual Memory: 1859.16 MB used, 8388608.00 MB total
[2016.10.21-22.57.05:930][648]LogMemory: 
[2016.10.21-22.57.05:930][648]Allocator Stats for TBB: (not implemented)
[2016.10.21-22.57.06:068][648]LogAIModule: Creating AISystem for world TitleScreenLevel
[2016.10.21-22.57.06:068][648]LogWorld: Game class is 'ZombiePunks-GameMode_C'
[2016.10.21-22.57.06:070][648]LogWorld: Bringing World /Game/OpeningSequence/UEDPIE_0_TitleScreenLevel.TitleScreenLevel up for play (max tick rate 0) at 2016.10.21-15.57.06
[2016.10.21-22.57.06:071][648]LogWorld: Bringing up level for play took: 0.001495
[2016.10.21-22.57.06:071][648]LogGameMode: Warning - PATHS NOT DEFINED or NO PLAYERSTART with positive rating
[2016.10.21-22.57.06:073][648]LogLoad: Took 0.169784 seconds to LoadMap(/Game/OpeningSequence/TitleScreenLevel)
[2016.10.21-22.57.12:976][396]LogPackageName: SearchForPackageOnDisk took   0.075s, but failed to resolve E1M1.umap.
[2016.10.21-22.57.13:056][397]LogPackageName: SearchForPackageOnDisk took   0.070s, but failed to resolve E1M1.umap.
[2016.10.21-22.57.13:056][397]LogNet: Browse: /Engine/Maps/Entry
[2016.10.21-22.57.13:056][397]LogNet:Warning: Travel Failure: [InvalidURL]: Invalid URL: /Engine/Maps/Entry
[2016.10.21-22.57.13:056][397]LogNet:Warning: TravelFailure: InvalidURL, Reason for Failure: 'Invalid URL: /Engine/Maps/Entry'. Shutting down PIE.
[2016.10.21-22.57.13:056][397]PIE:Warning: Warning TravelFailure: InvalidURL, Reason for Failure: 'Invalid URL: /Engine/Maps/Entry'. Shutting down PIE.
[2016.10.21-22.57.13:056][397]LogNet:Warning: Travel Failure: [ClientTravelFailure]: Invalid URL: /Engine/Maps/Entry
[2016.10.21-22.57.13:056][397]LogNet:Warning: TravelFailure: ClientTravelFailure, Reason for Failure: 'Invalid URL: /Engine/Maps/Entry'. Shutting down PIE.
[2016.10.21-22.57.13:056][397]PIE:Warning: Warning TravelFailure: ClientTravelFailure, Reason for Failure: 'Invalid URL: /Engine/Maps/Entry'. Shutting down PIE.
[2016.10.21-22.57.13:058][397]LogBlueprintUserMessages: Early EndPlayMap Detection: Level '/Game/OpeningSequence/CompanyScreenLevel.CompanyScreenLevel:PersistentLevel' has LevelScriptBlueprint '/Game/OpeningSequence/CompanyScreenLevel.CompanyScreenLevel:PersistentLevel.CompanyScreenLevel' with GeneratedClass '/Game/OpeningSequence/CompanyScreenLevel.CompanyScreenLevel_C' with ClassGeneratedBy '/Game/OpeningSequence/CompanyScreenLevel.CompanyScreenLevel:PersistentLevel.CompanyScreenLevel'
[2016.10.21-22.57.13:093][397]LogBlueprintUserMessages: Late EndPlayMap Detection: Level '/Game/OpeningSequence/CompanyScreenLevel.CompanyScreenLevel:PersistentLevel' has LevelScriptBlueprint '/Game/OpeningSequence/CompanyScreenLevel.CompanyScreenLevel:PersistentLevel.CompanyScreenLevel' with GeneratedClass '/Game/OpeningSequence/CompanyScreenLevel.CompanyScreenLevel_C' with ClassGeneratedBy '/Game/OpeningSequence/CompanyScreenLevel.CompanyScreenLevel:PersistentLevel.CompanyScreenLevel'
[2016.10.21-22.57.34:745][774]LogContentBrowser: Native class hierarchy updated for 'TextureEditor' in 0.0005 seconds. Added 1 classes and 2 folders.
[2016.10.21-22.57.44:638][430]LogContentBrowser: Native class hierarchy updated for 'BlueprintGraph' in 0.0011 seconds. Added 111 classes and 0 folders.
[2016.10.21-22.57.53:430][728]BlueprintLog: New page: Compile TitleScreenBP
[2016.10.21-22.57.53:575][728]BlueprintEditorCompileResults: Info [0068.68] Compile of TitleScreenBP successful! [in 145 ms] (/Game/OpeningSequence/TitleScreenBP.TitleScreenBP)
[2016.10.21-22.57.53:959][740]Cmd: OBJ SAVEPACKAGE PACKAGE="/Game/OpeningSequence/TitleScreenBP" FILE="G:/smithKylie_PROJECTS/ZombiePunks/ZombiePunks/Content/OpeningSequence/TitleScreenBP.uasset" SILENT=true
[2016.10.21-22.57.53:986][740]LogSavePackage: Save=18.10ms
[2016.10.21-22.57.53:986][740]LogSavePackage: Moving 'G:/smithKylie_PROJECTS/ZombiePunks/ZombiePunks/Saved/TitleScreenBPBDEF80D548BE57B22BAB12AE3DB0572D.tmp' to 'G:/smithKylie_PROJECTS/ZombiePunks/ZombiePunks/Content/OpeningSequence/TitleScreenBP.uasset'
[2016.10.21-22.57.53:987][740]LogSavePackage:Display: Finished SavePackage G:/smithKylie_PROJECTS/ZombiePunks/ZombiePunks/Content/OpeningSequence/TitleScreenBP.uasset
[2016.10.21-22.57.56:397][860]LogAIModule: Creating AISystem for world TitleScreenLevel
[2016.10.21-22.57.56:421][860]Cmd: MAP LOAD FILE="G:/smithKylie_PROJECTS/ZombiePunks/ZombiePunks/Content/OpeningSequence/TitleScreenLevel.umap" TEMPLATE=0 SHOWPROGRESS=1 FEATURELEVEL=3
[2016.10.21-22.57.56:421][860]LightingResults: New page: Lighting Build
[2016.10.21-22.57.56:422][860]LoadErrors: New page: Loading map: TitleScreenLevel.umap
[2016.10.21-22.57.56:422][860]MapCheck: New page: Map Check
[2016.10.21-22.57.56:422][860]LightingResults: New page: Lighting Build
[2016.10.21-22.57.56:511][860]LogEditorServer: Finished looking for orphan Actors (0.000 secs)
[2016.10.21-22.57.56:523][860]Cmd: MAP CHECKDEP NOCLEARLOG
[2016.10.21-22.57.56:575][860]MapCheck: Info Map check complete: 0 Error(s), 0 Warning(s), took 51.336ms to complete.
[2016.10.21-22.57.56:575][860]LogFileHelpers: Loading map 'TitleScreenLevel' took 0.155
[2016.10.21-22.57.58:150][994]LogAIModule: Creating AISystem for world CompanyScreenLevel
[2016.10.21-22.57.58:173][994]Cmd: MAP LOAD FILE="G:/smithKylie_PROJECTS/ZombiePunks/ZombiePunks/Content/OpeningSequence/CompanyScreenLevel.umap" TEMPLATE=0 SHOWPROGRESS=1 FEATURELEVEL=3
[2016.10.21-22.57.58:173][994]LightingResults: New page: Lighting Build
[2016.10.21-22.57.58:174][994]LoadErrors: New page: Loading map: CompanyScreenLevel.umap
[2016.10.21-22.57.58:174][994]MapCheck: New page: Map Check
[2016.10.21-22.57.58:174][994]LightingResults: New page: Lighting Build
[2016.10.21-22.57.58:262][994]LogEditorServer: Finished looking for orphan Actors (0.000 secs)
[2016.10.21-22.57.58:275][994]Cmd: MAP CHECKDEP NOCLEARLOG
[2016.10.21-22.57.58:327][994]MapCheck: Info Map check complete: 0 Error(s), 0 Warning(s), took 52.502ms to complete.
[2016.10.21-22.57.58:327][994]LogFileHelpers: Loading map 'CompanyScreenLevel' took 0.156
[2016.10.21-22.57.59:265][ 65]LogBlueprintUserMessages: Early PlayInEditor Detection: Level '/Game/OpeningSequence/CompanyScreenLevel.CompanyScreenLevel:PersistentLevel' has LevelScriptBlueprint '/Game/OpeningSequence/CompanyScreenLevel.CompanyScreenLevel:PersistentLevel.CompanyScreenLevel' with GeneratedClass '/Game/OpeningSequence/CompanyScreenLevel.CompanyScreenLevel_C' with ClassGeneratedBy '/Game/OpeningSequence/CompanyScreenLevel.CompanyScreenLevel:PersistentLevel.CompanyScreenLevel'
[2016.10.21-22.57.59:265][ 65]LogPlayLevel: PlayLevel: No blueprints needed recompiling
[2016.10.21-22.57.59:265][ 65]PIE: New page: PIE session: CompanyScreenLevel (Oct 21, 2016, 7:57:59 AM)
[2016.10.21-22.57.59:265][ 65]LogPlayLevel: Creating play world package: /Game/OpeningSequence/UEDPIE_0_CompanyScreenLevel
[2016.10.21-22.57.59:267][ 65]LogPlayLevel: PIE: StaticDuplicateObject took: (0.001613s)
[2016.10.21-22.57.59:268][ 65]LogAIModule: Creating AISystem for world CompanyScreenLevel
[2016.10.21-22.57.59:269][ 65]LogPlayLevel: PIE: World Init took: (0.001673s)
[2016.10.21-22.57.59:269][ 65]LogPlayLevel: PIE: Created PIE world by copying editor world from /Game/OpeningSequence/CompanyScreenLevel.CompanyScreenLevel to /Game/OpeningSequence/UEDPIE_0_CompanyScreenLevel.CompanyScreenLevel (0.003681s)
[2016.10.21-22.57.59:290][ 65]LogInit: XAudio2 using 'Speakers (Realtek High Definition Audio)' : 2 channels at 48 kHz using 32 bits per sample (channel mask 0x3)
[2016.10.21-22.57.59:297][ 65]LogInit: FAudioDevice initialized.
[2016.10.21-22.57.59:358][ 65]LogWorld: Game class is 'ZombiePunks-GameMode_C'
[2016.10.21-22.57.59:360][ 65]LogWorld: Bringing World /Game/OpeningSequence/UEDPIE_0_CompanyScreenLevel.CompanyScreenLevel up for play (max tick rate 0) at 2016.10.21-15.57.59
[2016.10.21-22.57.59:360][ 65]LogWorld: Bringing up level for play took: 0.001168
[2016.10.21-22.57.59:363][ 65]PIE: Info Play in editor start time for /Game/OpeningSequence/UEDPIE_0_CompanyScreenLevel 0.542
[2016.10.21-22.57.59:363][ 65]LogBlueprintUserMessages: Late PlayInEditor Detection: Level '/Game/OpeningSequence/CompanyScreenLevel.CompanyScreenLevel:PersistentLevel' has LevelScriptBlueprint '/Game/OpeningSequence/CompanyScreenLevel.CompanyScreenLevel:PersistentLevel.CompanyScreenLevel' with GeneratedClass '/Game/OpeningSequence/CompanyScreenLevel.CompanyScreenLevel_C' with ClassGeneratedBy '/Game/OpeningSequence/CompanyScreenLevel.CompanyScreenLevel:PersistentLevel.CompanyScreenLevel'
[2016.10.21-22.58.06:244][813]LogNet: Browse: /Game/OpeningSequence/TitleScreenLevel
[2016.10.21-22.58.06:244][813]LogLoad: LoadMap: /Game/OpeningSequence/TitleScreenLevel
[2016.10.21-22.58.06:266][813]Cmd: MEM
[2016.10.21-22.58.06:285][813]LogMemory: Platform Memory Stats for Windows
[2016.10.21-22.58.06:285][813]LogMemory: Process Physical Memory: 884.63 MB used, 898.97 MB peak
[2016.10.21-22.58.06:285][813]LogMemory: Process Virtual Memory: 1312.71 MB used, 1423.68 MB peak
[2016.10.21-22.58.06:285][813]LogMemory: Physical Memory: 7180.47 MB used, 12271.22 MB total
[2016.10.21-22.58.06:285][813]LogMemory: Virtual Memory: 1971.35 MB used, 8388608.00 MB total
[2016.10.21-22.58.06:285][813]LogMemory: 
[2016.10.21-22.58.06:285][813]Allocator Stats for TBB: (not implemented)
[2016.10.21-22.58.06:305][813]LogAIModule: Creating AISystem for world TitleScreenLevel
[2016.10.21-22.58.06:306][813]LogWorld: Game class is 'ZombiePunks-GameMode_C'
[2016.10.21-22.58.06:308][813]LogWorld: Bringing World /Game/OpeningSequence/UEDPIE_0_TitleScreenLevel.TitleScreenLevel up for play (max tick rate 0) at 2016.10.21-15.58.06
[2016.10.21-22.58.06:308][813]LogWorld: Bringing up level for play took: 0.001553
[2016.10.21-22.58.06:309][813]LogGameMode: Warning - PATHS NOT DEFINED or NO PLAYERSTART with positive rating
[2016.10.21-22.58.06:311][813]LogLoad: Took 0.066546 seconds to LoadMap(/Game/OpeningSequence/TitleScreenLevel)
[2016.10.21-22.58.12:551][491]LogBlueprintUserMessages: Early EndPlayMap Detection: Level '/Game/OpeningSequence/CompanyScreenLevel.CompanyScreenLevel:PersistentLevel' has LevelScriptBlueprint '/Game/OpeningSequence/CompanyScreenLevel.CompanyScreenLevel:PersistentLevel.CompanyScreenLevel' with GeneratedClass '/Game/OpeningSequence/CompanyScreenLevel.CompanyScreenLevel_C' with ClassGeneratedBy '/Game/OpeningSequence/CompanyScreenLevel.CompanyScreenLevel:PersistentLevel.CompanyScreenLevel'
[2016.10.21-22.58.12:584][491]LogBlueprintUserMessages: Late EndPlayMap Detection: Level '/Game/OpeningSequence/CompanyScreenLevel.CompanyScreenLevel:PersistentLevel' has LevelScriptBlueprint '/Game/OpeningSequence/CompanyScreenLevel.CompanyScreenLevel:PersistentLevel.CompanyScreenLevel' with GeneratedClass '/Game/OpeningSequence/CompanyScreenLevel.CompanyScreenLevel_C' with ClassGeneratedBy '/Game/OpeningSequence/CompanyScreenLevel.CompanyScreenLevel:PersistentLevel.CompanyScreenLevel'
[2016.10.21-22.58.32:765][593]Cmd: MAP LOAD FILE="G:/smithKylie_PROJECTS/ZombiePunks/ZombiePunks/Content/OpeningSequence/CompanyScreenLevel.umap" TEMPLATE=0 SHOWPROGRESS=1 FEATURELEVEL=3
[2016.10.21-22.58.32:765][593]LightingResults: New page: Lighting Build
[2016.10.21-22.58.32:766][593]LoadErrors: New page: Loading map: CompanyScreenLevel.umap
[2016.10.21-22.58.32:766][593]MapCheck: New page: Map Check
[2016.10.21-22.58.32:766][593]LightingResults: New page: Lighting Build
[2016.10.21-22.58.32:805][593]LogAIModule: Creating AISystem for world CompanyScreenLevel
[2016.10.21-22.58.32:873][593]LogEditorServer: Finished looking for orphan Actors (0.000 secs)
[2016.10.21-22.58.32:887][593]Cmd: MAP CHECKDEP NOCLEARLOG
[2016.10.21-22.58.32:939][593]MapCheck: Info Map check complete: 0 Error(s), 0 Warning(s), took 51.885ms to complete.
[2016.10.21-22.58.32:939][593]LogFileHelpers: Loading map 'CompanyScreenLevel' took 0.176
[2016.10.21-22.58.33:851][660]LogBlueprintUserMessages: Early PlayInEditor Detection: Level '/Game/OpeningSequence/CompanyScreenLevel.CompanyScreenLevel:PersistentLevel' has LevelScriptBlueprint '/Game/OpeningSequence/CompanyScreenLevel.CompanyScreenLevel:PersistentLevel.CompanyScreenLevel' with GeneratedClass '/Game/OpeningSequence/CompanyScreenLevel.CompanyScreenLevel_C' with ClassGeneratedBy '/Game/OpeningSequence/CompanyScreenLevel.CompanyScreenLevel:PersistentLevel.CompanyScreenLevel'
[2016.10.21-22.58.33:851][660]LogPlayLevel: PlayLevel: No blueprints needed recompiling
[2016.10.21-22.58.33:852][660]PIE: New page: PIE session: CompanyScreenLevel (Oct 21, 2016, 7:58:33 AM)
[2016.10.21-22.58.33:852][660]LogPlayLevel: Creating play world package: /Game/OpeningSequence/UEDPIE_0_CompanyScreenLevel
[2016.10.21-22.58.33:854][660]LogPlayLevel: PIE: StaticDuplicateObject took: (0.001692s)
[2016.10.21-22.58.33:855][660]LogAIModule: Creating AISystem for world CompanyScreenLevel
[2016.10.21-22.58.33:855][660]LogPlayLevel: PIE: World Init took: (0.001158s)
[2016.10.21-22.58.33:855][660]LogPlayLevel: PIE: Created PIE world by copying editor world from /Game/OpeningSequence/CompanyScreenLevel.CompanyScreenLevel to /Game/OpeningSequence/UEDPIE_0_CompanyScreenLevel.CompanyScreenLevel (0.003135s)
[2016.10.21-22.58.33:876][660]LogInit: XAudio2 using 'Speakers (Realtek High Definition Audio)' : 2 channels at 48 kHz using 32 bits per sample (channel mask 0x3)
[2016.10.21-22.58.33:882][660]LogInit: FAudioDevice initialized.
[2016.10.21-22.58.33:944][660]LogWorld: Game class is 'ZombiePunks-GameMode_C'
[2016.10.21-22.58.33:946][660]LogWorld: Bringing World /Game/OpeningSequence/UEDPIE_0_CompanyScreenLevel.CompanyScreenLevel up for play (max tick rate 0) at 2016.10.21-15.58.33
[2016.10.21-22.58.33:946][660]LogWorld: Bringing up level for play took: 0.001159
[2016.10.21-22.58.33:949][660]PIE: Info Play in editor start time for /Game/OpeningSequence/UEDPIE_0_CompanyScreenLevel -0.874
[2016.10.21-22.58.33:949][660]LogBlueprintUserMessages: Late PlayInEditor Detection: Level '/Game/OpeningSequence/CompanyScreenLevel.CompanyScreenLevel:PersistentLevel' has LevelScriptBlueprint '/Game/OpeningSequence/CompanyScreenLevel.CompanyScreenLevel:PersistentLevel.CompanyScreenLevel' with GeneratedClass '/Game/OpeningSequence/CompanyScreenLevel.CompanyScreenLevel_C' with ClassGeneratedBy '/Game/OpeningSequence/CompanyScreenLevel.CompanyScreenLevel:PersistentLevel.CompanyScreenLevel'
[2016.10.21-22.58.40:828][402]LogNet: Browse: /Game/OpeningSequence/TitleScreenLevel
[2016.10.21-22.58.40:828][402]LogLoad: LoadMap: /Game/OpeningSequence/TitleScreenLevel
[2016.10.21-22.58.40:847][402]Cmd: MEM
[2016.10.21-22.58.40:866][402]LogMemory: Platform Memory Stats for Windows
[2016.10.21-22.58.40:866][402]LogMemory: Process Physical Memory: 906.46 MB used, 923.73 MB peak
[2016.10.21-22.58.40:866][402]LogMemory: Process Virtual Memory: 1338.19 MB used, 1423.68 MB peak
[2016.10.21-22.58.40:866][402]LogMemory: Physical Memory: 7199.39 MB used, 12271.22 MB total
[2016.10.21-22.58.40:866][402]LogMemory: Virtual Memory: 1991.53 MB used, 8388608.00 MB total
[2016.10.21-22.58.40:866][402]LogMemory: 
[2016.10.21-22.58.40:866][402]Allocator Stats for TBB: (not implemented)
[2016.10.21-22.58.40:888][402]LogAIModule: Creating AISystem for world TitleScreenLevel
[2016.10.21-22.58.40:889][402]LogWorld: Game class is 'ZombiePunks-GameMode_C'
[2016.10.21-22.58.40:891][402]LogWorld: Bringing World /Game/OpeningSequence/UEDPIE_0_TitleScreenLevel.TitleScreenLevel up for play (max tick rate 0) at 2016.10.21-15.58.40
[2016.10.21-22.58.40:891][402]LogWorld: Bringing up level for play took: 0.001470
[2016.10.21-22.58.40:892][402]LogGameMode: Warning - PATHS NOT DEFINED or NO PLAYERSTART with positive rating
[2016.10.21-22.58.40:893][402]LogLoad: Took 0.065140 seconds to LoadMap(/Game/OpeningSequence/TitleScreenLevel)
[2016.10.21-22.58.46:548][ 21]LogBlueprintUserMessages: Early EndPlayMap Detection: Level '/Game/OpeningSequence/CompanyScreenLevel.CompanyScreenLevel:PersistentLevel' has LevelScriptBlueprint '/Game/OpeningSequence/CompanyScreenLevel.CompanyScreenLevel:PersistentLevel.CompanyScreenLevel' with GeneratedClass '/Game/OpeningSequence/CompanyScreenLevel.CompanyScreenLevel_C' with Class