Log file open, 11/04/16 11:26:55
LogInit:Display: Running engine for game: ZombiePunks
LogPlatformFile: Not using cached read wrapper
LogInit:Display: RandInit(1210758838) SRandInit(1210758843).
LogTaskGraph: Started task graph with 4 named threads and 7 total threads with 1 sets of task threads.
LogStats: Stats thread started at 2.866298
LogInit: Version: 4.12.5-3039270+++UE4+Release-4.12
LogInit: API Version: 2992821
LogInit: Net Version: 3039270
LogDevObjectVersion: Number of dev versions registered: 13
LogDevObjectVersion:   Dev-Blueprints (B0D832E4-1F89-4F0D-ACCF-7EB736FD4AA2): 3
LogDevObjectVersion:   Dev-Build (E1C64328-A22C-4D53-A36C-8E866417BD8C): 0
LogDevObjectVersion:   Dev-Core (375EC13C-06E4-48FB-B500-84F0262A717E): 1
LogDevObjectVersion:   Dev-Editor (E4B068ED-F494-42E9-A231-DA0B2E46BB41): 2
LogDevObjectVersion:   Dev-Framework (CFFC743F-43B0-4480-9391-14DF171D2073): 6
LogDevObjectVersion:   Dev-Mobile (B02B49B5-BB20-44E9-A304-32B752E40360): 0
LogDevObjectVersion:   Dev-Networking (A4E4105C-59A1-49B5-A7C5-40C4547EDFEE): 0
LogDevObjectVersion:   Dev-Online (39C831C9-5AE6-47DC-9A44-9C173E1C8E7C): 0
LogDevObjectVersion:   Dev-Physics (78F01B33-EBEA-4F98-B9B4-84EACCB95AA2): 0
LogDevObjectVersion:   Dev-Platform (6631380F-2D4D-43E0-8009-CF276956A95A): 0
LogDevObjectVersion:   Dev-Rendering (12F88B9F-8875-4AFC-A67C-D90C383ABD29): 2
LogDevObjectVersion:   Dev-Sequencer (7B5AE74C-D270-4C10-A958-57980B212A5A): 0
LogDevObjectVersion:   Dev-VR (D7296918-1DD6-4BDD-9DE2-64A83CC13884): 0
LogInit: Compiled (64-bit): Jul  6 2016 09:09:46
LogInit: Compiled with Visual C++: 19.00.23026.00
LogInit: Build Configuration: Development
LogInit: Branch Name: ++UE4+Release-4.12
LogInit: Command line:  
LogInit: Base directory: C:/Program Files (x86)/Epic Games/4.12/Engine/Binaries/Win64/
LogInit: Installed Engine Build: 1
LogInit: Using libcurl 7.41.0
LogInit:  - built for x86_64-pc-win32
LogInit:  - supports SSL with WinSSL
LogInit:  - other features:
LogInit:      CURL_VERSION_SSL
LogInit:      CURL_VERSION_IPV6
LogInit:      CURL_VERSION_ASYNCHDNS
LogInit:      CURL_VERSION_LARGEFILE
LogInit:      CURL_VERSION_IDN
LogInit:  CurlRequestOptions (configurable via config and command line):
LogInit:  - bVerifyPeer = true  - Libcurl will verify peer certificate
LogInit:  - bUseHttpProxy = false  - Libcurl will NOT use HTTP proxy
LogInit:  - bDontReuseConnections = false  - Libcurl will reuse connections
LogInit:  - CertBundlePath = nullptr  - Libcurl will use whatever was configured at build time.
LogInit: Presizing for max 8388607 objects, including 0 objects not considered by GC, pre-allocating 0 bytes for permanent pool.
LogInit: Object subsystem initialized
[2016.11.04-18.26.56:759][  0]LogInit: Selected Device Profile: [Windows]
[2016.11.04-18.26.56:759][  0]LogInit: Applying CVar settings loaded from the selected device profile: [Windows]
[2016.11.04-18.26.56:819][  0]LogInit: Computer: SSMITH-PC
[2016.11.04-18.26.56:819][  0]LogInit: User: Kylie
[2016.11.04-18.26.56:819][  0]LogInit: CPU Page size=65536, Cores=4
[2016.11.04-18.26.56:819][  0]LogInit: High frequency timer resolution =2.943164 MHz
[2016.11.04-18.26.56:819][  0]LogMemory: Memory total: Physical=4.0GB (4GB approx)
[2016.11.04-18.26.56:827][  0]LogMemory: Platform Memory Stats for Windows
[2016.11.04-18.26.56:827][  0]LogMemory: Process Physical Memory: 189.91 MB used, 189.91 MB peak
[2016.11.04-18.26.56:827][  0]LogMemory: Process Virtual Memory: 196.10 MB used, 196.10 MB peak
[2016.11.04-18.26.56:827][  0]LogMemory: Physical Memory: 2005.71 MB used, 4094.49 MB total
[2016.11.04-18.26.56:827][  0]LogMemory: Virtual Memory: 522.33 MB used, 8388608.00 MB total
[2016.11.04-18.26.58:115][  0]LogTextLocalizationManager: No specific translations for ('en-US') exist, so ('en') translations will be used.
[2016.11.04-18.27.00:449][  0]LogD3D11RHI: D3D11 adapters:
[2016.11.04-18.27.00:470][  0]LogD3D11RHI:    0. 'NVIDIA GeForce GTX 560 Ti  ' (Feature Level 11_0)
[2016.11.04-18.27.00:470][  0]LogD3D11RHI:       977/0/1791 MB DedicatedVideo/DedicatedSystem/SharedSystem, Outputs:1, VendorId:0x10de
[2016.11.04-18.27.00:470][  0]LogD3D11RHI: Chosen D3D11 Adapter: 0
[2016.11.04-18.27.00:477][  0]LogD3D11RHI: Creating new Direct3DDevice
[2016.11.04-18.27.00:477][  0]LogD3D11RHI:     GPU DeviceId: 0x1200 (for the marketing name, search the web for "GPU Device Id")
[2016.11.04-18.27.00:477][  0]LogWindows: EnumDisplayDevices:
[2016.11.04-18.27.00:477][  0]LogWindows:    0. 'NVIDIA GeForce GTX 560 Ti  ' (P:1 D:1)
[2016.11.04-18.27.00:477][  0]LogWindows:    1. 'NVIDIA GeForce GTX 560 Ti  ' (P:0 D:0)
[2016.11.04-18.27.00:478][  0]LogWindows:    2. 'RDPDD Chained DD' (P:0 D:0)
[2016.11.04-18.27.00:478][  0]LogWindows:    3. 'RDP Encoder Mirror Driver' (P:0 D:0)
[2016.11.04-18.27.00:478][  0]LogWindows:    4. 'RDP Reflector Display Driver' (P:0 D:0)
[2016.11.04-18.27.00:478][  0]LogWindows: DebugString: GetVideoDriverDetailsInvalid PrimaryIsNotTheChoosenAdapter GetVideoDriverDetailsInvalid PrimaryIsNotTheChoosenAdapter GetVideoDriverDetailsInvalid PrimaryIsNotTheChoosenAdapter FoundDriverCount:2 
[2016.11.04-18.27.00:478][  0]LogD3D11RHI:     Adapter Name: NVIDIA GeForce GTX 560 Ti  
[2016.11.04-18.27.00:480][  0]LogD3D11RHI:   Driver Version: 347.52 (internal:9.18.13.4752, unified:347.52)
[2016.11.04-18.27.00:480][  0]LogD3D11RHI:      Driver Date: 2-5-2015
[2016.11.04-18.27.00:480][  0]LogRHI: Texture pool is 684 MB (70% of 977 MB)
[2016.11.04-18.27.00:491][  0]LogD3D11RHI: Async texture creation enabled
[2016.11.04-18.27.00:699][  0]LogD3D11RHI: GPU Timing Frequency: 1000.000000 (Debug: 2 2)
[2016.11.04-18.27.00:755][  0]LogShaderCompilers: Guid format shader working directory is -14 characters bigger than the processId version (../../../../../../Users/Kylie/School/ZombiePunks/ZombiePunks/Intermediate/Shaders/WorkingDirectory/5056/).
[2016.11.04-18.27.00:755][  0]LogShaderCompilers: Cleaned the shader compiler working directory 'C:/Users/Kylie/AppData/Local/Temp/UnrealShaderWorkingDir/5F15937243679477CD2B96B1DD9C76C3/'.
[2016.11.04-18.27.00:760][  0]LogShaderCompilers:Display: Using Local Shader Compiler.
[2016.11.04-18.27.09:940][  0]LogTemp:Display: Loaded TP AllDesktopTargetPlatform
[2016.11.04-18.27.09:967][  0]LogTemp:Display: Loaded TP WindowsClientTargetPlatform
[2016.11.04-18.27.09:991][  0]LogTemp:Display: Loaded TP WindowsNoEditorTargetPlatform
[2016.11.04-18.27.10:019][  0]LogTemp:Display: Loaded TP WindowsServerTargetPlatform
[2016.11.04-18.27.10:049][  0]LogTemp:Display: Loaded TP WindowsTargetPlatform
[2016.11.04-18.27.10:081][  0]LogTemp:Display: Loaded TP AndroidTargetPlatform
[2016.11.04-18.27.10:111][  0]LogTemp:Display: Loaded TP Android_ASTCTargetPlatform
[2016.11.04-18.27.10:158][  0]LogTemp:Display: Loaded TP Android_ATCTargetPlatform
[2016.11.04-18.27.10:198][  0]LogTemp:Display: Loaded TP Android_DXTTargetPlatform
[2016.11.04-18.27.10:251][  0]LogTemp:Display: Loaded TP Android_ETC1TargetPlatform
[2016.11.04-18.27.10:290][  0]LogTemp:Display: Loaded TP Android_ETC2TargetPlatform
[2016.11.04-18.27.10:360][  0]LogTemp:Display: Loaded TP Android_MultiTargetPlatform
[2016.11.04-18.27.10:360][  0]LogTemp:Display: Loaded TP Android_PVRTCTargetPlatform
[2016.11.04-18.27.10:378][  0]LogTemp:Display: Loaded TP HTML5TargetPlatform
[2016.11.04-18.27.10:468][  0]LogTemp:Display: Loaded TP IOSTargetPlatform
[2016.11.04-18.27.10:480][  0]LogTemp:Display: Loaded TP TVOSTargetPlatform
[2016.11.04-18.27.10:513][  0]LogTemp:Display: Loaded TP LinuxNoEditorTargetPlatform
[2016.11.04-18.27.10:547][  0]LogTemp:Display: Loaded TP LinuxServerTargetPlatform
[2016.11.04-18.27.10:590][  0]LogTemp:Display: Loaded TP LinuxTargetPlatform
[2016.11.04-18.27.10:590][  0]LogTargetPlatformManager:Display: Building Assets For Windows
[2016.11.04-18.27.11:205][  0]LogDerivedDataCache:Display: Max Cache Size: 512 MB
[2016.11.04-18.27.12:159][  0]LogDerivedDataCache: Loaded boot cache 0.95s 62MB C:/Users/Kylie/AppData/Local/UnrealEngine/4.12/DerivedDataCache/Boot.ddc.
[2016.11.04-18.27.12:160][  0]LogDerivedDataCache:Display: Loaded Boot cache: C:/Users/Kylie/AppData/Local/UnrealEngine/4.12/DerivedDataCache/Boot.ddc
[2016.11.04-18.27.12:160][  0]LogDerivedDataCache: FDerivedDataBackendGraph:  Pak pak cache file ../../../../../../Users/Kylie/School/ZombiePunks/ZombiePunks/DerivedDataCache/DDC.ddp not found, will not use a pak cache.
[2016.11.04-18.27.12:160][  0]LogDerivedDataCache: Unable to find inner node Pak for hierarchical cache Hierarchy.
[2016.11.04-18.27.12:160][  0]LogDerivedDataCache: FDerivedDataBackendGraph:  CompressedPak pak cache file ../../../../../../Users/Kylie/School/ZombiePunks/ZombiePunks/DerivedDataCache/Compressed.ddp not found, will not use a pak cache.
[2016.11.04-18.27.12:160][  0]LogDerivedDataCache: Unable to find inner node CompressedPak for hierarchical cache Hierarchy.
[2016.11.04-18.27.12:223][  0]LogDerivedDataCache:Display: Pak cache opened for reading ../../../Engine/DerivedDataCache/Compressed.ddp.
[2016.11.04-18.27.12:235][  0]LogDerivedDataCache: Using Local data cache path C:/Users/Kylie/AppData/Local/UnrealEngine/Common/DerivedDataCache: Writable
[2016.11.04-18.27.16:250][  0]LogInit: Selected Device Profile: [Windows]
[2016.11.04-18.27.16:251][  0]LogContentStreaming: Texture pool size is 0.00 MB
[2016.11.04-18.27.18:257][  0]LogMeshUtilities: No automatic mesh reduction module available
[2016.11.04-18.27.18:257][  0]LogMeshUtilities: No automatic mesh merging module available
[2016.11.04-18.27.18:257][  0]LogMeshUtilities: No distributed automatic mesh merging module available
[2016.11.04-18.27.20:853][  0]LogAssetRegistry: FAssetRegistry took 0.0203 seconds to start up
[2016.11.04-18.27.21:322][  0]LogPackageLocalizationCache: Processed 3 localized package path(s) for 2 prioritized culture(s) in 0.216822 seconds
[2016.11.04-18.27.21:330][  0]LogUObjectArray: 28739 objects as part of root set at end of initial load.
[2016.11.04-18.27.21:330][  0]LogUObjectAllocator: 5855632 out of 0 bytes used by permanent object pool.
[2016.11.04-18.27.21:330][  0]LogUObjectArray: CloseDisregardForGC: 0/0 objects in disregard for GC pool
[2016.11.04-18.27.21:409][  0]LogInit: WinSock: version 1.1 (2.2), MaxSocks=32767, MaxUdp=65467
[2016.11.04-18.27.30:706][  0]LogSlate: SlateFontCache - WITH_FREETYPE: 1, WITH_HARFBUZZ: 1
[2016.11.04-18.27.30:706][  0]LogSlate: SlateFontCache - WITH_FREETYPE: 1, WITH_HARFBUZZ: 1
[2016.11.04-18.27.49:032][  0]LogUdpMessaging: Initializing bridge on interface 0.0.0.0:0 to multicast group 230.0.0.1:6666.
[2016.11.04-18.27.51:054][  0]SourceControl: Info Source control is disabled
[2016.11.04-18.27.51:055][  0]SourceControl: Info Source control is disabled
[2016.11.04-18.27.51:154][  0]SourceControl: Info Source control is disabled
[2016.11.04-18.27.51:240][  0]SourceControl: Info Source control is disabled
[2016.11.04-18.27.52:871][  0]LogEngine: Initializing Engine...
[2016.11.04-18.27.52:966][  0]LogHMD: SteamVR failed to initialize.  Err: 110
[2016.11.04-18.27.52:967][  0]LogHMD: SteamVR failed to initialize.  Err: 110
[2016.11.04-18.27.53:722][  0]LogAIModule: Creating AISystem for world NewWorld
[2016.11.04-18.27.53:835][  0]LogInit: XAudio2 using 'Speakers (Creative SB X-Fi)' : 2 channels at 48 kHz using 32 bits per sample (channel mask 0x3)
[2016.11.04-18.27.54:121][  0]LogInit: FAudioDevice initialized.
[2016.11.04-18.27.54:191][  0]LogDerivedDataCache: Saved boot cache 0.07s 62MB C:/Users/Kylie/AppData/Local/UnrealEngine/4.12/DerivedDataCache/Boot.ddc.
[2016.11.04-18.27.54:211][  0]LogInit: Texture streaming: Enabled
[2016.11.04-18.27.54:468][  0]LogInit: Transaction tracking system initialized
[2016.11.04-18.27.54:735][  0]BlueprintLog: New page: Editor Load
[2016.11.04-18.27.56:331][  0]LocalizationService: Info Localization service is disabled
[2016.11.04-18.27.57:034][  0]LogConsoleResponse:Display: 
[2016.11.04-18.27.59:944][  0]LogFileCache: Scanning file cache for directory 'C:/Users/Kylie/School/ZombiePunks/ZombiePunks/Content/' took 0.04s
[2016.11.04-18.27.59:944][  0]LogCook:Display: Max memory allowance for cook 8192mb
[2016.11.04-18.27.59:944][  0]LogCook:Display: Mobile HDR setting 1
[2016.11.04-18.28.03:236][  0]SourceControl: Info Source control is disabled
[2016.11.04-18.28.03:281][  0]Cmd: MAP LOAD FILE="../../../Engine/Content/Maps/Templates/Template_Default.umap" TEMPLATE=1 SHOWPROGRESS=1 FEATURELEVEL=3
[2016.11.04-18.28.03:320][  0]LightingResults: New page: Lighting Build
[2016.11.04-18.28.03:411][  0]MapCheck: New page: Map Check
[2016.11.04-18.28.03:411][  0]LightingResults: New page: Lighting Build
[2016.11.04-18.28.04:780][  0]LogAIModule: Creating AISystem for world Untitled_1
[2016.11.04-18.28.05:083][  0]LogEditorServer: Finished looking for orphan Actors (0.000 secs)
[2016.11.04-18.28.05:131][  0]Cmd: MAP CHECKDEP NOCLEARLOG
[2016.11.04-18.28.05:219][  0]MapCheck: Info Map check complete: 0 Error(s), 0 Warning(s), took 87.771ms to complete.
[2016.11.04-18.28.05:219][  0]LogFileHelpers: Loading map 'Template_Default' took 1.938
[2016.11.04-18.28.05:680][  0]LogCollectionManager: Loaded 0 collections in 0.002694 seconds
[2016.11.04-18.28.05:780][  0]LogFileCache: Scanning file cache for directory 'C:/Users/Kylie/School/ZombiePunks/ZombiePunks/Saved/Collections/' took 0.01s
[2016.11.04-18.28.05:780][  0]LogFileCache: Scanning file cache for directory 'C:/Users/Kylie/School/ZombiePunks/ZombiePunks/Content/Developers/Kylie/Collections/' took 0.01s
[2016.11.04-18.28.05:780][  0]LogFileCache: Scanning file cache for directory 'C:/Users/Kylie/School/ZombiePunks/ZombiePunks/Content/Collections/' took 0.01s
[2016.11.04-18.28.05:780][  0]LogCollectionManager: Rebuilt the GUID cache for 0 collections in 0.000003 seconds
[2016.11.04-18.28.05:802][  0]LogContentBrowser: Native class hierarchy populated in 0.0205 seconds. Added 2047 classes and 369 folders.
[2016.11.04-18.28.05:818][  0]LogStats: UGameplayTagsManager::ConstructGameplayTagTree: Construct from data asset -  0.000 s
[2016.11.04-18.28.05:818][  0]LogStats: UGameplayTagsManager::ConstructGameplayTagTree: GameplayTagTreeChangedEvent.Broadcast -  0.000 s
[2016.11.04-18.28.05:819][  0]LogContentBrowser: Native class hierarchy updated for 'GameplayTags' in 0.0007 seconds. Added 12 classes and 0 folders.
[2016.11.04-18.28.05:856][  0]LogContentBrowser: Native class hierarchy updated for 'WidgetCarousel' in 0.0006 seconds. Added 0 classes and 0 folders.
[2016.11.04-18.28.07:665][  0]LogContentBrowser: Native class hierarchy updated for 'AddContentDialog' in 0.0007 seconds. Added 0 classes and 0 folders.
[2016.11.04-18.28.07:691][  0]LogContentBrowser: Native class hierarchy updated for 'SceneOutliner' in 0.0006 seconds. Added 1 classes and 2 folders.
[2016.11.04-18.28.08:008][  0]LogCrashTracker: Crashtracker disabled due to settings.
[2016.11.04-18.28.08:050][  0]LogUObjectGlobals:Warning: Failed to find object 'Class None.'
[2016.11.04-18.28.08:175][  0]LogContentBrowser: Native class hierarchy updated for 'HierarchicalLODOutliner' in 0.0007 seconds. Added 1 classes and 2 folders.
[2016.11.04-18.28.08:175][  0]LogLoad: Full Startup: 78.56 seconds (BP compile: 0.42 seconds)
[2016.11.04-18.28.08:175][  0]LogExternalProfiler: Found external profiler: VSPerf
[2016.11.04-18.28.08:175][  0]LogExternalProfiler: Using external profiler: VSPerf
[2016.11.04-18.28.08:185][  0]LogOcInput: OculusInput pre-init called
[2016.11.04-18.28.08:248][  0]LogContentStreaming: Texture pool size now 1000 MB
[2016.11.04-18.28.08:658][  0]LogRenderer: Reallocating scene render targets to support 1208x576 (Frame:2).
[2016.11.04-18.28.09:028][  4]LogAssetRegistry: Asset discovery search completed in 48.1948 seconds
[2016.11.04-18.28.09:029][  4]LogCollectionManager: Rebuilt the object cache for 0 collections in 0.000001 seconds (found 0 objects)
[2016.11.04-18.28.09:029][  4]LogCollectionManager: Fixed up redirectors for 0 collections in 0.000031 seconds (updated 0 objects)
[2016.11.04-18.28.23:007][347]LogAIModule: Creating AISystem for world CompanyScreenLevel
[2016.11.04-18.28.23:091][347]Cmd: MAP LOAD FILE="../../../../../../Users/Kylie/School/ZombiePunks/ZombiePunks/Content/OpeningSequence/CompanyScreenLevel.umap" TEMPLATE=0 SHOWPROGRESS=1 FEATURELEVEL=3
[2016.11.04-18.28.23:091][347]LightingResults: New page: Lighting Build
[2016.11.04-18.28.23:092][347]LoadErrors: New page: Loading map: CompanyScreenLevel.umap
[2016.11.04-18.28.23:110][347]MapCheck: New page: Map Check
[2016.11.04-18.28.23:110][347]LightingResults: New page: Lighting Build
[2016.11.04-18.28.23:188][347]LogEditorServer: Finished looking for orphan Actors (0.000 secs)
[2016.11.04-18.28.23:289][347]Cmd: MAP CHECKDEP NOCLEARLOG
[2016.11.04-18.28.23:365][347]MapCheck: Info Map check complete: 0 Error(s), 0 Warning(s), took 76.263ms to complete.
[2016.11.04-18.28.23:365][347]LogFileHelpers: Loading map 'CompanyScreenLevel' took 0.276
[2016.11.04-18.28.32:247][184]LogBlueprintUserMessages: Early PlayInEditor Detection: Level '/Game/OpeningSequence/CompanyScreenLevel.CompanyScreenLevel:PersistentLevel' has LevelScriptBlueprint '/Game/OpeningSequence/CompanyScreenLevel.CompanyScreenLevel:PersistentLevel.CompanyScreenLevel' with GeneratedClass '/Game/OpeningSequence/CompanyScreenLevel.CompanyScreenLevel_C' with ClassGeneratedBy '/Game/OpeningSequence/CompanyScreenLevel.CompanyScreenLevel:PersistentLevel.CompanyScreenLevel'
[2016.11.04-18.28.32:247][184]LogPlayLevel: PlayLevel: No blueprints needed recompiling
[2016.11.04-18.28.32:288][184]PIE: New page: PIE session: CompanyScreenLevel (Nov 4, 2016, 3:28:32 AM)
[2016.11.04-18.28.32:288][184]LogPlayLevel: Creating play world package: /Game/OpeningSequence/UEDPIE_0_CompanyScreenLevel
[2016.11.04-18.28.32:297][184]LogPlayLevel: PIE: StaticDuplicateObject took: (0.008312s)
[2016.11.04-18.28.32:298][184]LogAIModule: Creating AISystem for world CompanyScreenLevel
[2016.11.04-18.28.32:298][184]LogPlayLevel: PIE: World Init took: (0.001167s)
[2016.11.04-18.28.32:304][184]LogPlayLevel: PIE: Created PIE world by copying editor world from /Game/OpeningSequence/CompanyScreenLevel.CompanyScreenLevel to /Game/OpeningSequence/UEDPIE_0_CompanyScreenLevel.CompanyScreenLevel (0.015557s)
[2016.11.04-18.28.32:329][184]LogInit: XAudio2 using 'Speakers (Creative SB X-Fi)' : 2 channels at 48 kHz using 32 bits per sample (channel mask 0x3)
[2016.11.04-18.28.32:341][184]LogInit: FAudioDevice initialized.
[2016.11.04-18.28.32:494][184]LogWorld: Game class is 'ZombiePunks-GameMode_C'
[2016.11.04-18.28.32:578][184]LogWorld: Bringing World /Game/OpeningSequence/UEDPIE_0_CompanyScreenLevel.CompanyScreenLevel up for play (max tick rate 0) at 2016.11.04-11.28.32
[2016.11.04-18.28.32:600][184]LogWorld: Bringing up level for play took: 0.022575
[2016.11.04-18.28.32:760][184]LogContentBrowser: Native class hierarchy updated for 'MovieSceneCapture' in 0.0007 seconds. Added 11 classes and 0 folders.
[2016.11.04-18.28.32:889][184]PIE: Info Play in editor start time for /Game/OpeningSequence/UEDPIE_0_CompanyScreenLevel 1.05
[2016.11.04-18.28.32:890][184]LogBlueprintUserMessages: Late PlayInEditor Detection: Level '/Game/OpeningSequence/CompanyScreenLevel.CompanyScreenLevel:PersistentLevel' has LevelScriptBlueprint '/Game/OpeningSequence/CompanyScreenLevel.CompanyScreenLevel:PersistentLevel.CompanyScreenLevel' with GeneratedClass '/Game/OpeningSequence/CompanyScreenLevel.CompanyScreenLevel_C' with ClassGeneratedBy '/Game/OpeningSequence/CompanyScreenLevel.CompanyScreenLevel:PersistentLevel.CompanyScreenLevel'
[2016.11.04-18.28.40:241][321]LogNet: Browse: /Game/OpeningSequence/TitleScreenLevel
[2016.11.04-18.28.40:242][321]LogLoad: LoadMap: /Game/OpeningSequence/TitleScreenLevel
[2016.11.04-18.28.40:288][321]Cmd: MEM
[2016.11.04-18.28.40:307][321]LogMemory: Platform Memory Stats for Windows
[2016.11.04-18.28.40:307][321]LogMemory: Process Physical Memory: 779.97 MB used, 802.98 MB peak
[2016.11.04-18.28.40:307][321]LogMemory: Process Virtual Memory: 703.31 MB used, 739.04 MB peak
[2016.11.04-18.28.40:307][321]LogMemory: Physical Memory: 2639.93 MB used, 4094.49 MB total
[2016.11.04-18.28.40:307][321]LogMemory: Virtual Memory: 1354.23 MB used, 8388608.00 MB total
[2016.11